GAME - [Key Down] Event Added
GAME - [Key Up] Event Added
GAME - [Update] Event Added
GAME - [Mouse Motion] Event Added
GAME - WindowShown
GAME - WindowMoved
GAME - VideoExpose
GAME - WindowExposed
GAME - ActiveEvent
GAME - WindowFocusGained
GAME - WindowTakeFocus
GAME - ActiveEvent
GAME - WindowEnter
GAME - MouseMotion
GAME - MouseMotion
GAME - MouseMotion
GAME - MouseMotion
GAME - MouseMotion
GAME - MouseMotion
GAME - MouseMotion
GAME - MouseMotion
GAME - MouseMotion
GAME - MouseMotion
GAME - MouseMotion
GAME - MouseMotion
GAME - MouseMotion
GAME - MouseMotion
GAME - MouseMotion
GAME - MouseMotion
GAME - MouseMotion
GAME - MouseMotion
GAME - MouseMotion
GAME - MouseMotion
GAME - MouseMotion
GAME - MouseMotion
GAME - MouseMotion
GAME - MouseMotion
GAME - MouseMotion
GAME - MouseMotion
GAME - MouseMotion
GAME - MouseMotion
GAME - MouseMotion
GAME - MouseMotion
GAME - MouseMotion
GAME - MouseMotion
GAME - MouseMotion
GAME - MouseMotion
GAME - MouseMotion
GAME - MouseMotion
GAME - ActiveEvent
GAME - WindowLeave
GAME - ActiveEvent
GAME - WindowEnter
GAME - MouseMotion
GAME - MouseMotion
GAME - MouseMotion
GAME - MouseMotion
GAME - MouseMotion
GAME - MouseMotion
GAME - MouseMotion
GAME - MouseMotion
GAME - MouseMotion
GAME - MouseMotion
GAME - MouseMotion
GAME - MouseMotion
GAME - MouseMotion
GAME - MouseMotion
GAME - MouseMotion
GAME - MouseMotion
GAME - MouseMotion
GAME - MouseMotion
GAME - MouseMotion
GAME - MouseMotion
GAME - MouseMotion
GAME - MouseMotion
GAME - MouseMotion
GAME - MouseMotion
GAME - MouseMotion
GAME - MouseMotion
GAME - MouseMotion
GAME - MouseMotion
GAME - MouseMotion
GAME - MouseMotion
GAME - MouseMotion
GAME - MouseMotion
GAME - MouseMotion
GAME - MouseMotion
GAME - MouseMotion
GAME - MouseMotion
GAME - MouseMotion
GAME - MouseMotion
GAME - ActiveEvent
GAME - WindowLeave
GAME - KeyDown
GAME - TextInput
GAME - KeyUp
GAME - KeyDown
GAME - TextInput
GAME - KeyUp
GAME - KeyDown
GAME - TextInput
GAME - KeyUp
GAME - KeyDown
GAME - TextInput
GAME - KeyUp
GAME - KeyDown
GAME - TextInput
GAME - KeyUp
GAME - KeyDown
GAME - TextInput
GAME - KeyUp
GAME - KeyDown
GAME - TextInput
GAME - KeyUp
GAME - KeyDown
GAME - TextInput
GAME - KeyUp
GAME - KeyDown
GAME - TextInput
GAME - KeyUp
GAME - KeyDown
GAME - TextInput
GAME - TextInput
GAME - KeyUp
GAME - KeyDown
GAME - TextInput
GAME - KeyUp
GAME - KeyDown
GAME - TextInput
GAME - KeyUp
GAME - KeyDown
GAME - TextInput
GAME - KeyUp
GAME - KeyDown
GAME - TextInput
GAME - KeyUp
GAME - KeyDown
GAME - TextInput
GAME - KeyUp
GAME - KeyDown
GAME - TextInput
GAME - KeyUp
GAME - KeyDown
GAME - TextInput
GAME - KeyUp
GAME - KeyDown
GAME - TextInput
GAME - KeyUp
GAME - KeyDown
GAME - TextInput
GAME - KeyUp
GAME - KeyDown
GAME - TextInput
GAME - KeyUp
GAME - KeyDown
GAME - TextInput
GAME - KeyUp
GAME - KeyDown
GAME - TextInput
GAME - KeyUp
GAME - KeyDown
GAME - TextInput
GAME - KeyUp
GAME - KeyDown
GAME - TextInput
GAME - KeyUp
GAME - KeyDown
GAME - TextInput
GAME - KeyUp
GAME - KeyDown
GAME - TextInput
GAME - KeyUp
GAME - KeyDown
GAME - TextInput
GAME - KeyUp
GAME - KeyDown
GAME - TextInput
GAME - KeyUp
GAME - KeyDown
GAME - TextInput
GAME - KeyUp
GAME - KeyDown
GAME - TextInput
GAME - KeyUp
GAME - ActiveEvent
GAME - WindowFocusLost
